27-Apr-2018 16:03:34: IsFPGA:,0,0,
27-Apr-2018 16:03:34: D:\mmWaveStudio_External\mmWaveStudio\RunTime,0,
27-Apr-2018 16:04:43: API:select_chip_version,AR1243,0,
27-Apr-2018 16:04:44: API:select_chip_version,AR1243,0,
27-Apr-2018 16:05:10: API:ChannelConfig,3,15,0,
27-Apr-2018 16:05:10: API:AdcOutConfig,2,2,0,
27-Apr-2018 16:05:10: API:DataFmtConfig,15,2,1,0,0,0,
27-Apr-2018 16:05:12: API:LowPowerConfig,0,0,0,
27-Apr-2018 16:05:17: API:DataPathConfig,1,1,0,2,0,
27-Apr-2018 16:05:18: API:LvdsClkConfig,1,1,0,
27-Apr-2018 16:05:18: TSW1400 Sampling rate : 600000000 7500000,0,
27-Apr-2018 16:05:18: API:SetHsiClock,9,0,
27-Apr-2018 16:05:21: API:LaneConfig,15,0,
27-Apr-2018 16:05:21: API:LvdsLaneConfig,0,1,0,
27-Apr-2018 16:05:26: API:SetTestSource,400,300,0,0,0,0,-32760,0,-32760,32700,32700,32700,25,32700,32700,0,0,0,0,-32700,0,-32700,32700,32700,32700,950,0,0,4,0,8,0,12,0,0,0,0,0,0,0,0,
27-Apr-2018 16:05:30: API:ProfileConfig,0,1435384036,10000,600,6000,0,0,621,0,256,10000,0,0,30,0,
27-Apr-2018 16:05:33: API:ChirpConfig,0,0,0,0,0,0,0,1,0,
27-Apr-2018 16:05:36: API:EnableTestSource,1,1,0,
27-Apr-2018 16:05:36: API:FrameConfig,0,0,8,128,8000000,0,512,0,
27-Apr-2018 16:05:36: API:AdvancedFrameConfig,1,0,0,0,1,128,8000000,0,1,1,8000000,0,0,0,0,0,0,0,0,0,0,0,0,0,0,0,0,0,0,0,0,0,0,0,0,0,0,0,8,0,0,0,0,0,0,0,0,0,0,0,0,0,0,0,0,
27-Apr-2018 16:05:48: API:select_capture_device,TSW1400,0,
27-Apr-2018 16:05:48: Selecting ADC Device : ,AWR12xx_lvds_4Channel_ddr_4bit_par_centre_16_bit,0,
27-Apr-2018 16:05:49: Error Status = ,7010,Firmware Download Error.,
27-Apr-2018 16:05:49: Error Loading firmware and ini file on TSW1400. Please check if the hardware is connected using the HSDC Pro GUI,0,
27-Apr-2018 16:05:49: Setting the number of samples to 262144.,0,
27-Apr-2018 16:05:50: Setting the sampling frequency to 7500000.,0,
27-Apr-2018 16:05:50: Setting the input target frequency to30000000.,0,
27-Apr-2018 16:05:50: Applying Trigger Settings,0,
27-Apr-2018 16:06:09: API:select_capture_device,TSW1400,0,
27-Apr-2018 16:06:09: Selecting ADC Device : ,AWR12xx_lvds_4Channel_ddr_4bit_par_centre_16_bit,0,
27-Apr-2018 16:06:10: Error Status = ,7010,Firmware Download Error.,
27-Apr-2018 16:06:10: Error Loading firmware and ini file on TSW1400. Please check if the hardware is connected using the HSDC Pro GUI,0,
27-Apr-2018 16:06:10: Setting the number of samples to 262144.,0,
27-Apr-2018 16:06:11: Setting the sampling frequency to 7500000.,0,
27-Apr-2018 16:06:11: Setting the input target frequency to30000000.,0,
27-Apr-2018 16:06:11: Applying Trigger Settings,0,
27-Apr-2018 16:06:28: API:select_capture_device,TSW1400,0,
27-Apr-2018 16:06:28: Selecting ADC Device : ,AWR12xx_lvds_4Channel_ddr_4bit_par_centre_16_bit,0,
27-Apr-2018 16:06:47: Setting the number of samples to 262144.,0,
27-Apr-2018 16:06:50: Setting the sampling frequency to 7500000.,0,
27-Apr-2018 16:06:50: Setting the input target frequency to30000000.,0,
27-Apr-2018 16:06:50: Applying Trigger Settings,0,
27-Apr-2018 16:07:02: Clearing out the bin file.,0,
27-Apr-2018 16:07:02: Applying Trigger Settings,0,
27-Apr-2018 16:07:02: Reading DDR Memory...,0,
27-Apr-2018 16:07:11: HSDCPro : Saving ADC Raw Data as Bin file at D:\mmWaveStudio_External\mmWaveStudio\PostProc\adc_data.bin,0,
